<?xml version="1.0" encoding="UTF-8"?>
<!-- Generated by org.testng.reporters.JUnitReportReporter -->
<testsuite hostname="DESKTOP-AFOKIGP" failures="0" tests="1" name="script.TestScript" time="2.448" errors="0" timestamp="2023-07-22T14:57:04 IST" skipped="0">
  <testcase classname="script.TestScript" name="basicTest" time="2.448"/>
</testsuite> <!-- script.TestScript -->
